0 verbose cli C:\Users\Mandalika\Downloads\Inventory FG — Mandalika Perfume_files\mandalika-assessment\.tools\node-v24.14.1-win-x64\node.exe C:\Users\Mandalika\Downloads\Inventory FG — Mandalika Perfume_files\mandalika-assessment\.tools\node-v24.14.1-win-x64\node_modules\npm\bin\npm-cli.js
1 info using npm@11.11.0
2 info using node@v24.14.1
3 silly config load:file:C:\Users\Mandalika\Downloads\Inventory FG — Mandalika Perfume_files\mandalika-assessment\.tools\node-v24.14.1-win-x64\node_modules\npm\npmrc
4 silly config load:file:C:\Users\Mandalika\Downloads\Inventory FG — Mandalika Perfume_files\.npmrc
5 silly config load:file:C:\Users\Mandalika\.npmrc
6 silly config load:file:C:\Users\Mandalika\Downloads\Inventory FG — Mandalika Perfume_files\mandalika-assessment\.tools\node-v24.14.1-win-x64\etc\npmrc
7 verbose title npm exec vercel@latest --version
8 verbose argv "exec" "--" "vercel@latest" "--version"
9 verbose logfile logs-max:10 dir:C:\Users\Mandalika\Downloads\Inventory FG — Mandalika Perfume_files\mandalika-assessment\.npm-cache\_logs\2026-04-01T18_32_24_223Z-
10 verbose logfile C:\Users\Mandalika\Downloads\Inventory FG — Mandalika Perfume_files\mandalika-assessment\.npm-cache\_logs\2026-04-01T18_32_24_223Z-debug-0.log
11 silly logfile done cleaning log files
12 silly packumentCache heap:2348810240 maxSize:587202560 maxEntrySize:293601280
13 http fetch GET https://registry.npmjs.org/vercel attempt 1 failed with EACCES
14 http fetch GET https://registry.npmjs.org/vercel attempt 2 failed with EACCES
15 http fetch GET https://registry.npmjs.org/vercel attempt 3 failed with EACCES
16 verbose type system
17 verbose stack FetchError: request to https://registry.npmjs.org/vercel failed, reason: 
17 verbose stack     at ClientRequest.<anonymous> (C:\Users\Mandalika\Downloads\Inventory FG — Mandalika Perfume_files\mandalika-assessment\.tools\node-v24.14.1-win-x64\node_modules\npm\node_modules\minipass-fetch\lib\index.js:130:14)
17 verbose stack     at ClientRequest.emit (node:events:508:28)
17 verbose stack     at emitErrorEvent (node:_http_client:108:11)
17 verbose stack     at _destroy (node:_http_client:963:9)
17 verbose stack     at onSocketNT (node:_http_client:983:5)
17 verbose stack     at process.processTicksAndRejections (node:internal/process/task_queues:91:21)
18 error code EACCES
19 error errno EACCES
20 error FetchError: request to https://registry.npmjs.org/vercel failed, reason: 
20 error     at ClientRequest.<anonymous> (C:\Users\Mandalika\Downloads\Inventory FG — Mandalika Perfume_files\mandalika-assessment\.tools\node-v24.14.1-win-x64\node_modules\npm\node_modules\minipass-fetch\lib\index.js:130:14)
20 error     at ClientRequest.emit (node:events:508:28)
20 error     at emitErrorEvent (node:_http_client:108:11)
20 error     at _destroy (node:_http_client:963:9)
20 error     at onSocketNT (node:_http_client:983:5)
20 error     at process.processTicksAndRejections (node:internal/process/task_queues:91:21) {
20 error   code: 'EACCES',
20 error   errno: 'EACCES',
20 error   type: 'system'
20 error }
21 error
21 error The operation was rejected by your operating system.
21 error It's possible that the file was already in use (by a text editor or antivirus),
21 error or that you lack permissions to access it.
21 error
21 error If you believe this might be a permissions issue, please double-check the
21 error permissions of the file and its containing directories, or try running
21 error the command again as root/Administrator.
22 verbose cwd C:\Users\Mandalika\Downloads\Inventory FG — Mandalika Perfume_files
23 verbose os Windows_NT 10.0.26200
24 verbose node v24.14.1
25 verbose npm  v11.11.0
26 verbose exit 1
27 verbose code 1
28 error A complete log of this run can be found in: C:\Users\Mandalika\Downloads\Inventory FG — Mandalika Perfume_files\mandalika-assessment\.npm-cache\_logs\2026-04-01T18_32_24_223Z-debug-0.log
